<?xml version="1.0" encoding="UTF-8"?>
<!-- Generated by org.testng.reporters.JUnitXMLReporter -->
<testsuite hostname="Antonio-PC" ignored="0" name="Validate Title Test" tests="1" failures="1" timestamp="29 apr 2019 13:08:42 GMT" time="0.025" errors="0">
  <testcase name="validateTitles" time="0.012" classname="testCases.TestCase2">
    <failure type="java.lang.AssertionError" message="The following asserts failed:
	expected [Yahoo.com] but found [Google.com],
	expected [false] but found [true],
	Failing the test as the condition is not met">
      <![CDATA[java.lang.AssertionError: The following asserts failed:
	expected [Yahoo.com] but found [Google.com],
	expected [false] but found [true],
	Failing the test as the condition is not met
	at testCases.TestCase2.validateTitles(TestCase2.java:24)
... Removed 26 stack frames]]>
    </failure>
  </testcase> <!-- validateTitles -->
</testsuite> <!-- Validate Title Test -->
